24-Jun-2024 18:46:03.593 INFO [main] org.apache.catalina.core.ApplicationContext.log ContextListener: contextInitialized()
24-Jun-2024 18:46:03.594 INFO [main] org.apache.catalina.core.ApplicationContext.log SessionListener: contextInitialized()
24-Jun-2024 18:46:03.595 INFO [main] org.apache.catalina.core.ApplicationContext.log ContextListener: attributeAdded('StockTicker', 'async.Stockticker@4d666b41')
24-Jun-2024 21:37:12.980 INFO [main] org.apache.catalina.core.ApplicationContext.log ContextListener: contextInitialized()
24-Jun-2024 21:37:12.980 INFO [main] org.apache.catalina.core.ApplicationContext.log SessionListener: contextInitialized()
24-Jun-2024 21:37:12.981 INFO [main] org.apache.catalina.core.ApplicationContext.log ContextListener: attributeAdded('StockTicker', 'async.Stockticker@6105f8a3')
24-Jun-2024 22:46:54.410 INFO [main] org.apache.catalina.core.ApplicationContext.log SessionListener: contextDestroyed()
24-Jun-2024 22:46:54.410 INFO [main] org.apache.catalina.core.ApplicationContext.log ContextListener: contextDestroyed()
24-Jun-2024 22:47:05.394 INFO [main] org.apache.catalina.core.ApplicationContext.log ContextListener: contextInitialized()
24-Jun-2024 22:47:05.394 INFO [main] org.apache.catalina.core.ApplicationContext.log SessionListener: contextInitialized()
24-Jun-2024 22:47:05.395 INFO [main] org.apache.catalina.core.ApplicationContext.log ContextListener: attributeAdded('StockTicker', 'async.Stockticker@62b3df3a')
24-Jun-2024 22:53:06.213 INFO [main] org.apache.catalina.core.ApplicationContext.log SessionListener: contextDestroyed()
24-Jun-2024 22:53:06.213 INFO [main] org.apache.catalina.core.ApplicationContext.log ContextListener: contextDestroyed()
24-Jun-2024 22:53:10.222 INFO [main] org.apache.catalina.core.ApplicationContext.log ContextListener: contextInitialized()
24-Jun-2024 22:53:10.223 INFO [main] org.apache.catalina.core.ApplicationContext.log SessionListener: contextInitialized()
24-Jun-2024 22:53:10.223 INFO [main] org.apache.catalina.core.ApplicationContext.log ContextListener: attributeAdded('StockTicker', 'async.Stockticker@721eb7df')
24-Jun-2024 23:00:18.084 INFO [main] org.apache.catalina.core.ApplicationContext.log SessionListener: contextDestroyed()
24-Jun-2024 23:00:18.084 INFO [main] org.apache.catalina.core.ApplicationContext.log ContextListener: contextDestroyed()
24-Jun-2024 23:00:21.287 INFO [main] org.apache.catalina.core.ApplicationContext.log ContextListener: contextInitialized()
24-Jun-2024 23:00:21.287 INFO [main] org.apache.catalina.core.ApplicationContext.log SessionListener: contextInitialized()
24-Jun-2024 23:00:21.289 INFO [main] org.apache.catalina.core.ApplicationContext.log ContextListener: attributeAdded('StockTicker', 'async.Stockticker@5298dead')
24-Jun-2024 23:00:54.963 INFO [main] org.apache.catalina.core.ApplicationContext.log SessionListener: contextDestroyed()
24-Jun-2024 23:00:54.963 INFO [main] org.apache.catalina.core.ApplicationContext.log ContextListener: contextDestroyed()
