03-Jul-2024 13:54:34.571 INFO [catalina-exec-9] org.apache.catalina.core.ApplicationContext.log HTMLManager: init: Associated with Deployer 'Catalina:type=Deployer,host=localhost'
03-Jul-2024 13:54:34.571 INFO [catalina-exec-9] org.apache.catalina.core.ApplicationContext.log HTMLManager: init: Global resources are available
03-Jul-2024 13:54:34.573 INFO [catalina-exec-9] org.apache.catalina.core.ApplicationContext.log HTMLManager: list: Listing contexts for virtual host 'localhost'
03-Jul-2024 13:55:54.920 INFO [catalina-exec-9] org.apache.catalina.core.ApplicationContext.log HTMLManager: list: Listing contexts for virtual host 'localhost'
03-Jul-2024 13:57:55.251 INFO [catalina-exec-5] org.apache.catalina.core.ApplicationContext.log HTMLManager: list: Listing contexts for virtual host 'localhost'
03-Jul-2024 13:58:44.928 INFO [catalina-exec-1] org.apache.catalina.core.ApplicationContext.log HTMLManager: list: Listing contexts for virtual host 'localhost'
03-Jul-2024 13:59:26.128 INFO [catalina-exec-3] org.apache.catalina.core.ApplicationContext.log HTMLManager: stop: Stopping web application '/sample'
03-Jul-2024 13:59:26.138 INFO [catalina-exec-3] org.apache.catalina.core.ApplicationContext.log HTMLManager: list: Listing contexts for virtual host 'localhost'
03-Jul-2024 13:59:39.051 INFO [catalina-exec-8] org.apache.catalina.core.ApplicationContext.log HTMLManager: start: Starting web application '/sample'
03-Jul-2024 13:59:39.079 INFO [catalina-exec-8] org.apache.catalina.core.ApplicationContext.log HTMLManager: list: Listing contexts for virtual host 'localhost'
03-Jul-2024 13:59:44.291 INFO [catalina-exec-5] org.apache.catalina.core.ApplicationContext.log HTMLManager: undeploy: Undeploying web application at '/sample'
03-Jul-2024 13:59:44.304 INFO [catalina-exec-5] org.apache.catalina.core.ApplicationContext.log HTMLManager: list: Listing contexts for virtual host 'localhost'
03-Jul-2024 14:00:25.599 INFO [catalina-exec-13] org.apache.catalina.core.ApplicationContext.log HTMLManager: undeploy: Undeploying web application at '/sample'
03-Jul-2024 14:00:25.599 INFO [catalina-exec-13] org.apache.catalina.core.ApplicationContext.log HTMLManager: list: Listing contexts for virtual host 'localhost'
03-Jul-2024 14:00:36.833 INFO [catalina-exec-2] org.apache.catalina.core.ApplicationContext.log HTMLManager: list: Listing contexts for virtual host 'localhost'
03-Jul-2024 14:00:45.468 INFO [catalina-exec-15] org.apache.catalina.core.ApplicationContext.log HTMLManager: undeploy: Undeploying web application at '/sample'
03-Jul-2024 14:00:45.483 INFO [catalina-exec-15] org.apache.catalina.core.ApplicationContext.log HTMLManager: list: Listing contexts for virtual host 'localhost'
03-Jul-2024 14:00:59.678 INFO [catalina-exec-21] org.apache.catalina.core.ApplicationContext.log HTMLManager: install: Installing web application '/' from 'deneme'
03-Jul-2024 14:00:59.678 INFO [catalina-exec-21] org.apache.catalina.core.ApplicationContext.log HTMLManager: list: Listing contexts for virtual host 'localhost'
03-Jul-2024 14:01:10.157 INFO [catalina-exec-18] org.apache.catalina.core.ApplicationContext.log HTMLManager: install: Installing web application '/' from 'deneme'
03-Jul-2024 14:01:10.157 INFO [catalina-exec-18] org.apache.catalina.core.ApplicationContext.log HTMLManager: list: Listing contexts for virtual host 'localhost'
03-Jul-2024 14:02:00.799 INFO [catalina-exec-22] org.apache.catalina.core.ApplicationContext.log HTMLManager: install: Installing web application '/deneme##v1' from 'C:\Users\Hamit_Mizrak\Desktop\Yeni klasör'
03-Jul-2024 14:02:00.825 INFO [catalina-exec-22] org.apache.catalina.core.ApplicationContext.log HTMLManager: list: Listing contexts for virtual host 'localhost'
03-Jul-2024 14:02:26.451 INFO [catalina-exec-20] org.apache.catalina.core.ApplicationContext.log HTMLManager: undeploy: Undeploying web application at '/deneme##v1'
03-Jul-2024 14:02:26.971 INFO [catalina-exec-20] org.apache.catalina.core.ApplicationContext.log HTMLManager: list: Listing contexts for virtual host 'localhost'
03-Jul-2024 14:03:12.316 INFO [catalina-exec-23] org.apache.catalina.core.ApplicationContext.log HTMLManager: install: Installing web application '/deneme##v1' from 'C:\Users\Hamit_Mizrak\Desktop\Yeni klasör\'
03-Jul-2024 14:03:12.336 INFO [catalina-exec-23] org.apache.catalina.core.ApplicationContext.log HTMLManager: list: Listing contexts for virtual host 'localhost'
03-Jul-2024 14:03:29.873 INFO [catalina-exec-29] org.apache.catalina.core.ApplicationContext.log HTMLManager: undeploy: Undeploying web application at '/deneme##v1'
03-Jul-2024 14:03:30.395 INFO [catalina-exec-29] org.apache.catalina.core.ApplicationContext.log HTMLManager: list: Listing contexts for virtual host 'localhost'
03-Jul-2024 14:03:47.661 INFO [catalina-exec-10] org.apache.catalina.core.ApplicationContext.log HTMLManager: install: Installing web application '/sample##v1' from 'C:\Users\Hamit_Mizrak\Desktop\Yeni klasör'
03-Jul-2024 14:03:47.677 INFO [catalina-exec-10] org.apache.catalina.core.ApplicationContext.log HTMLManager: list: Listing contexts for virtual host 'localhost'
03-Jul-2024 14:04:08.860 INFO [catalina-exec-24] org.apache.catalina.core.ApplicationContext.log HTMLManager: install: Installing web application '/sample##v1' from 'C:\Users\Hamit_Mizrak\Desktop\Yeni klasör'
03-Jul-2024 14:04:08.860 INFO [catalina-exec-24] org.apache.catalina.core.ApplicationContext.log HTMLManager: list: Listing contexts for virtual host 'localhost'
